app/build/intermediates/manifest_merge_blame_file/release/manifest-merger-blame-release-report.txt
1<?xml version="1.0" encoding="utf-8"?>
2<manifest xmlns:android="http://schemas.android.com/apk/res/android"
3    package="com.hlhwan.heyin.drpy2"
4    android:versionCode="2023101328"
5    android:versionName="2023.10.13" >
6
7    <uses-sdk
8        android:minSdkVersion="21"
8-->src\main\AndroidManifest.xml
9        android:targetSdkVersion="31" />
9-->src\main\AndroidManifest.xml
10
11    <uses-feature
11-->src\main\AndroidManifest.xml:6:5-8:36
12        android:name="android.hardware.touchscreen"
12-->src\main\AndroidManifest.xml:7:9-52
13        android:required="false" />
13-->src\main\AndroidManifest.xml:8:9-33
14    <uses-feature
14-->src\main\AndroidManifest.xml:9:5-11:36
15        android:name="android.hardware.faketouch"
15-->src\main\AndroidManifest.xml:10:9-50
16        android:required="false" />
16-->src\main\AndroidManifest.xml:11:9-33
17    <uses-feature
17-->src\main\AndroidManifest.xml:12:5-14:36
18        android:name="android.hardware.telephony"
18-->src\main\AndroidManifest.xml:13:9-50
19        android:required="false" />
19-->src\main\AndroidManifest.xml:14:9-33
20    <uses-feature
20-->src\main\AndroidManifest.xml:15:5-17:36
21        android:name="android.hardware.camera"
21-->src\main\AndroidManifest.xml:16:9-47
22        android:required="false" />
22-->src\main\AndroidManifest.xml:17:9-33
23    <uses-feature
23-->src\main\AndroidManifest.xml:18:5-20:36
24        android:name="android.hardware.nfc"
24-->src\main\AndroidManifest.xml:19:9-44
25        android:required="false" />
25-->src\main\AndroidManifest.xml:20:9-33
26    <uses-feature
26-->src\main\AndroidManifest.xml:21:5-23:36
27        android:name="android.hardware.location.gps"
27-->src\main\AndroidManifest.xml:22:9-53
28        android:required="false" />
28-->src\main\AndroidManifest.xml:23:9-33
29    <uses-feature
29-->src\main\AndroidManifest.xml:24:5-26:36
30        android:name="android.hardware.microphone"
30-->src\main\AndroidManifest.xml:25:9-51
31        android:required="false" />
31-->src\main\AndroidManifest.xml:26:9-33
32    <uses-feature
32-->src\main\AndroidManifest.xml:27:5-29:36
33        android:name="android.hardware.sensor"
33-->src\main\AndroidManifest.xml:28:9-47
34        android:required="false" />
34-->src\main\AndroidManifest.xml:29:9-33
35    <uses-feature
35-->src\main\AndroidManifest.xml:30:5-32:36
36        android:name="android.software.leanback"
36-->src\main\AndroidManifest.xml:31:9-49
37        android:required="false" />
37-->src\main\AndroidManifest.xml:32:9-33
38
39    <uses-permission android:name="android.permission.INTERNET" />
39-->src\main\AndroidManifest.xml:34:5-67
39-->src\main\AndroidManifest.xml:34:22-64
40    <uses-permission android:name="android.permission.ACCESS_NETWORK_STATE" />
40-->src\main\AndroidManifest.xml:35:5-79
40-->src\main\AndroidManifest.xml:35:22-76
41    <uses-permission android:name="android.permission.ACCESS_WIFI_STATE" />
41-->src\main\AndroidManifest.xml:36:5-76
41-->src\main\AndroidManifest.xml:36:22-73
42    <uses-permission android:name="android.permission.CHANGE_WIFI_MULTICAST_STATE" />
42-->src\main\AndroidManifest.xml:37:5-39:43
42-->src\main\AndroidManifest.xml:38:9-70
43    <uses-permission android:name="android.permission.CHANGE_WIFI_MULTICAST_STATE" />
43-->src\main\AndroidManifest.xml:37:5-39:43
43-->src\main\AndroidManifest.xml:38:9-70
44    <uses-permission android:name="android.permission.READ_EXTERNAL_STORAGE" />
44-->src\main\AndroidManifest.xml:42:5-80
44-->src\main\AndroidManifest.xml:42:22-77
45    <uses-permission android:name="android.permission.WRITE_EXTERNAL_STORAGE" />
45-->src\main\AndroidManifest.xml:43:5-81
45-->src\main\AndroidManifest.xml:43:22-78
46    <uses-permission android:name="android.permission.MANAGE_EXTERNAL_STORAGE" />
46-->src\main\AndroidManifest.xml:44:5-82
46-->src\main\AndroidManifest.xml:44:22-79
47    <uses-permission android:name="android.permission.ACCESS_NETWORK_STATE" />
47-->src\main\AndroidManifest.xml:35:5-79
47-->src\main\AndroidManifest.xml:35:22-76
48    <uses-permission android:name="android.permission.REQUEST_INSTALL_PACKAGES" />
48-->src\main\AndroidManifest.xml:48:5-83
48-->src\main\AndroidManifest.xml:48:22-80
49    <uses-permission android:name="android.permission.REQUEST_DELETE_PACKAGES" />
49-->src\main\AndroidManifest.xml:49:5-82
49-->src\main\AndroidManifest.xml:49:22-79
50    <uses-permission android:name="android.permission.REQUEST_IGNORE_BATTERY_OPTIMIZATIONS" /> <!-- 电池优化权限 -->
50-->src\main\AndroidManifest.xml:51:5-95
50-->src\main\AndroidManifest.xml:51:22-92
51    <uses-permission android:name="android.permission.REQUEST_INSTALL_PACKAGES" /> <!-- apk安装权限 -->
51-->src\main\AndroidManifest.xml:48:5-83
51-->src\main\AndroidManifest.xml:48:22-80
52    <uses-permission android:name="android.permission.WAKE_LOCK" />
52-->src\main\AndroidManifest.xml:53:5-68
52-->src\main\AndroidManifest.xml:53:22-65
53    <uses-permission android:name="android.permission.FOREGROUND_SERVICE" />
53-->src\main\AndroidManifest.xml:54:5-77
53-->src\main\AndroidManifest.xml:54:22-74
54    <uses-permission android:name="android.permission.QUERY_ALL_PACKAGES" />
54-->src\main\AndroidManifest.xml:55:5-57:53
54-->src\main\AndroidManifest.xml:56:9-61
55
56    <queries>
56-->src\main\AndroidManifest.xml:59:5-63:15
57        <intent>
57-->src\main\AndroidManifest.xml:60:9-62:18
58            <action android:name=".ui.activity.AppsActivity" />
58-->src\main\AndroidManifest.xml:61:13-64
58-->src\main\AndroidManifest.xml:61:21-61
59        </intent>
60    </queries>
61
62    <uses-permission android:name="android.permission.MOUNT_UNMOUNT_FILESYSTEMS" />
62-->[com.lzy.net:okgo:3.0.4] AndroidManifest.xml:29:5-84
62-->[com.lzy.net:okgo:3.0.4] AndroidManifest.xml:29:22-81
63
64    <permission
64-->[androidx.core:core:1.9.0] AndroidManifest.xml:22:5-24:47
65        android:name="com.hlhwan.heyin.drpy2.DYNAMIC_RECEIVER_NOT_EXPORTED_PERMISSION"
65-->[androidx.core:core:1.9.0] AndroidManifest.xml:23:9-81
66        android:protectionLevel="signature" />
66-->[androidx.core:core:1.9.0] AndroidManifest.xml:24:9-44
67
68    <uses-permission android:name="com.hlhwan.heyin.drpy2.DYNAMIC_RECEIVER_NOT_EXPORTED_PERMISSION" />
68-->[androidx.core:core:1.9.0] AndroidManifest.xml:26:5-97
68-->[androidx.core:core:1.9.0] AndroidManifest.xml:26:22-94
69
70    <application
70-->src\main\AndroidManifest.xml:65:5-182:19
71        android:name="com.github.tvbox.osc.base.App"
71-->src\main\AndroidManifest.xml:66:9-33
72        android:allowBackup="true"
72-->src\main\AndroidManifest.xml:67:9-35
73        android:appComponentFactory="androidx.core.app.CoreComponentFactory"
73-->[androidx.core:core:1.9.0] AndroidManifest.xml:28:18-86
74        android:banner="@drawable/app_banner"
74-->src\main\AndroidManifest.xml:68:9-46
75        android:configChanges="orientation|keyboardHidden|screenSize"
75-->src\main\AndroidManifest.xml:69:9-70
76        android:hardwareAccelerated="true"
76-->src\main\AndroidManifest.xml:70:9-43
77        android:icon="@drawable/app_icon"
77-->src\main\AndroidManifest.xml:71:9-42
78        android:label="@string/app_name"
78-->src\main\AndroidManifest.xml:72:9-41
79        android:largeHeap="true"
79-->src\main\AndroidManifest.xml:73:9-33
80        android:networkSecurityConfig="@xml/network_security_config"
80-->src\main\AndroidManifest.xml:74:9-69
81        android:requestLegacyExternalStorage="true"
81-->src\main\AndroidManifest.xml:75:9-52
82        android:supportsRtl="true"
82-->src\main\AndroidManifest.xml:76:9-35
83        android:theme="@style/AppTheme.NoActionBar"
83-->src\main\AndroidManifest.xml:77:9-52
84        android:usesCleartextTraffic="true" >
84-->src\main\AndroidManifest.xml:78:9-44
85        tools:targetApi="n">
86        <activity
86-->src\main\AndroidManifest.xml:82:9-92:20
87            android:name="com.github.tvbox.osc.ui.activity.HomeActivity"
87-->src\main\AndroidManifest.xml:83:13-53
88            android:exported="true"
88-->src\main\AndroidManifest.xml:84:13-36
89            android:screenOrientation="sensorLandscape" >
89-->src\main\AndroidManifest.xml:85:13-56
90            <intent-filter>
90-->src\main\AndroidManifest.xml:86:13-91:29
91                <action android:name="android.intent.action.MAIN" />
91-->src\main\AndroidManifest.xml:87:17-69
91-->src\main\AndroidManifest.xml:87:25-66
92
93                <category android:name="android.intent.category.LAUNCHER" />
93-->src\main\AndroidManifest.xml:89:17-77
93-->src\main\AndroidManifest.xml:89:27-74
94                <category android:name="android.intent.category.LEANBACK_LAUNCHER" />
94-->src\main\AndroidManifest.xml:90:17-86
94-->src\main\AndroidManifest.xml:90:27-83
95            </intent-filter>
96        </activity>
97        <activity
97-->src\main\AndroidManifest.xml:93:9-97:55
98            android:name="com.github.tvbox.osc.ui.activity.LivePlayActivity"
98-->src\main\AndroidManifest.xml:94:13-57
99            android:configChanges="screenSize|smallestScreenSize|screenLayout|orientation"
99-->src\main\AndroidManifest.xml:95:13-91
100            android:screenOrientation="sensorLandscape"
100-->src\main\AndroidManifest.xml:96:13-56
101            android:supportsPictureInPicture="true" />
101-->src\main\AndroidManifest.xml:97:13-52
102        <activity
102-->src\main\AndroidManifest.xml:98:9-102:55
103            android:name="com.github.tvbox.osc.ui.activity.DetailActivity"
103-->src\main\AndroidManifest.xml:99:13-55
104            android:configChanges="screenSize|smallestScreenSize|screenLayout|orientation"
104-->src\main\AndroidManifest.xml:100:13-91
105            android:screenOrientation="sensorLandscape"
105-->src\main\AndroidManifest.xml:101:13-56
106            android:supportsPictureInPicture="true" />
106-->src\main\AndroidManifest.xml:102:13-52
107        <activity
107-->src\main\AndroidManifest.xml:103:9-107:55
108            android:name="com.github.tvbox.osc.ui.activity.PlayActivity"
108-->src\main\AndroidManifest.xml:104:13-53
109            android:configChanges="screenSize|smallestScreenSize|screenLayout|orientation"
109-->src\main\AndroidManifest.xml:105:13-91
110            android:screenOrientation="sensorLandscape"
110-->src\main\AndroidManifest.xml:106:13-56
111            android:supportsPictureInPicture="true" />
111-->src\main\AndroidManifest.xml:107:13-52
112        <activity
112-->src\main\AndroidManifest.xml:108:9-110:59
113            android:name="com.github.tvbox.osc.ui.activity.PushActivity"
113-->src\main\AndroidManifest.xml:109:13-53
114            android:screenOrientation="sensorLandscape" />
114-->src\main\AndroidManifest.xml:110:13-56
115        <activity
115-->src\main\AndroidManifest.xml:111:9-114:57
116            android:name="com.github.tvbox.osc.ui.activity.SearchActivity"
116-->src\main\AndroidManifest.xml:112:13-55
117            android:screenOrientation="sensorLandscape"
117-->src\main\AndroidManifest.xml:113:13-56
118            android:windowSoftInputMode="stateHidden" />
118-->src\main\AndroidManifest.xml:114:13-54
119        <activity
119-->src\main\AndroidManifest.xml:115:9-118:57
120            android:name="com.github.tvbox.osc.ui.activity.FastSearchActivity"
120-->src\main\AndroidManifest.xml:116:13-59
121            android:screenOrientation="sensorLandscape"
121-->src\main\AndroidManifest.xml:117:13-56
122            android:windowSoftInputMode="stateHidden" />
122-->src\main\AndroidManifest.xml:118:13-54
123        <activity
123-->src\main\AndroidManifest.xml:119:9-121:59
124            android:name="com.github.tvbox.osc.ui.activity.DriveActivity"
124-->src\main\AndroidManifest.xml:120:13-54
125            android:screenOrientation="sensorLandscape" />
125-->src\main\AndroidManifest.xml:121:13-56
126        <activity
126-->src\main\AndroidManifest.xml:122:9-124:59
127            android:name="com.github.tvbox.osc.ui.activity.SettingActivity"
127-->src\main\AndroidManifest.xml:123:13-56
128            android:screenOrientation="sensorLandscape" />
128-->src\main\AndroidManifest.xml:124:13-56
129        <activity
129-->src\main\AndroidManifest.xml:125:9-127:59
130            android:name="com.github.tvbox.osc.ui.activity.HistoryActivity"
130-->src\main\AndroidManifest.xml:126:13-56
131            android:screenOrientation="sensorLandscape" />
131-->src\main\AndroidManifest.xml:127:13-56
132        <activity
132-->src\main\AndroidManifest.xml:128:9-130:59
133            android:name="com.github.tvbox.osc.ui.activity.CollectActivity"
133-->src\main\AndroidManifest.xml:129:13-56
134            android:screenOrientation="sensorLandscape" />
134-->src\main\AndroidManifest.xml:130:13-56
135        <activity
135-->src\main\AndroidManifest.xml:131:9-133:59
136            android:name="com.github.tvbox.osc.ui.activity.AppsActivity"
136-->src\main\AndroidManifest.xml:132:13-53
137            android:screenOrientation="sensorLandscape" />
137-->src\main\AndroidManifest.xml:133:13-56
138
139        <receiver
139-->src\main\AndroidManifest.xml:135:9-141:20
140            android:name="com.github.tvbox.osc.receiver.SearchReceiver"
140-->src\main\AndroidManifest.xml:136:13-52
141            android:exported="true" >
141-->src\main\AndroidManifest.xml:137:13-36
142            <intent-filter>
142-->src\main\AndroidManifest.xml:138:13-140:29
143                <action android:name="android.content.movie.search.Action" />
143-->src\main\AndroidManifest.xml:139:17-78
143-->src\main\AndroidManifest.xml:139:25-75
144            </intent-filter>
145        </receiver>
146        <receiver
146-->src\main\AndroidManifest.xml:142:9-148:20
147            android:name="com.github.tvbox.osc.receiver.CustomWebReceiver"
147-->src\main\AndroidManifest.xml:143:13-55
148            android:exported="true" >
148-->src\main\AndroidManifest.xml:144:13-36
149            <intent-filter>
149-->src\main\AndroidManifest.xml:145:13-147:29
150                <action android:name="android.content.movie.custom.web.Action" />
150-->src\main\AndroidManifest.xml:146:17-82
150-->src\main\AndroidManifest.xml:146:25-79
151            </intent-filter>
152        </receiver>
153        <receiver
153-->src\main\AndroidManifest.xml:149:9-155:20
154            android:name="com.github.tvbox.osc.receiver.DetailReceiver"
154-->src\main\AndroidManifest.xml:150:13-52
155            android:exported="true" >
155-->src\main\AndroidManifest.xml:151:13-36
156            <intent-filter>
156-->src\main\AndroidManifest.xml:152:13-154:29
157                <action android:name="android.content.movie.detail.Action" />
157-->src\main\AndroidManifest.xml:153:17-78
157-->src\main\AndroidManifest.xml:153:25-75
158            </intent-filter>
159        </receiver>
160
161        <provider
162            android:name="androidx.core.content.FileProvider"
162-->src\main\AndroidManifest.xml:159:13-62
163            android:authorities="com.hlhwan.heyin.drpy2.fileprovider"
163-->src\main\AndroidManifest.xml:160:13-64
164            android:exported="false"
164-->src\main\AndroidManifest.xml:161:13-37
165            android:grantUriPermissions="true" >
165-->src\main\AndroidManifest.xml:162:13-47
166            <meta-data
166-->src\main\AndroidManifest.xml:163:13-165:54
167                android:name="android.support.FILE_PROVIDER_PATHS"
167-->src\main\AndroidManifest.xml:164:17-67
168                android:resource="@xml/file_paths" />
168-->src\main\AndroidManifest.xml:165:17-51
169        </provider>
170
171        <meta-data
171-->src\main\AndroidManifest.xml:168:9-170:36
172            android:name="design_width_in_dp"
172-->src\main\AndroidManifest.xml:169:13-46
173            android:value="1280" />
173-->src\main\AndroidManifest.xml:170:13-33
174        <meta-data
174-->src\main\AndroidManifest.xml:171:9-173:35
175            android:name="design_height_in_dp"
175-->src\main\AndroidManifest.xml:172:13-47
176            android:value="720" />
176-->src\main\AndroidManifest.xml:173:13-32
177        <meta-data
177-->src\main\AndroidManifest.xml:175:9-177:38
178            android:name="xwalk_enable_download_mode"
178-->src\main\AndroidManifest.xml:176:13-54
179            android:value="enable" />
179-->src\main\AndroidManifest.xml:177:13-35
180        <meta-data
180-->src\main\AndroidManifest.xml:178:9-180:39
181            android:name="xwalk_verify"
181-->src\main\AndroidManifest.xml:179:13-40
182            android:value="disable" />
182-->src\main\AndroidManifest.xml:180:13-36
183
184        <service
184-->[androidx.room:room-runtime:2.5.2] AndroidManifest.xml:24:9-28:63
185            android:name="androidx.room.MultiInstanceInvalidationService"
185-->[androidx.room:room-runtime:2.5.2] AndroidManifest.xml:25:13-74
186            android:directBootAware="true"
186-->[androidx.room:room-runtime:2.5.2] AndroidManifest.xml:26:13-43
187            android:exported="false" />
187-->[androidx.room:room-runtime:2.5.2] AndroidManifest.xml:27:13-37
188
189        <provider
189-->[com.squareup.picasso:picasso:2.71828] AndroidManifest.xml:8:9-11:40
190            android:name="com.squareup.picasso.PicassoProvider"
190-->[com.squareup.picasso:picasso:2.71828] AndroidManifest.xml:9:13-64
191            android:authorities="com.hlhwan.heyin.drpy2.com.squareup.picasso"
191-->[com.squareup.picasso:picasso:2.71828] AndroidManifest.xml:10:13-72
192            android:exported="false" />
192-->[com.squareup.picasso:picasso:2.71828] AndroidManifest.xml:11:13-37
193
194        <meta-data
194-->[com.google.android.gms:play-services-basement:18.0.1] AndroidManifest.xml:21:9-23:69
195            android:name="com.google.android.gms.version"
195-->[com.google.android.gms:play-services-basement:18.0.1] AndroidManifest.xml:22:13-58
196            android:value="@integer/google_play_services_version" />
196-->[com.google.android.gms:play-services-basement:18.0.1] AndroidManifest.xml:23:13-66
197
198        <provider
198-->[androidx.emoji2:emoji2:1.2.0] AndroidManifest.xml:24:9-32:20
199            android:name="androidx.startup.InitializationProvider"
199-->[androidx.emoji2:emoji2:1.2.0] AndroidManifest.xml:25:13-67
200            android:authorities="com.hlhwan.heyin.drpy2.androidx-startup"
200-->[androidx.emoji2:emoji2:1.2.0] AndroidManifest.xml:26:13-68
201            android:exported="false" >
201-->[androidx.emoji2:emoji2:1.2.0] AndroidManifest.xml:27:13-37
202            <meta-data
202-->[androidx.emoji2:emoji2:1.2.0] AndroidManifest.xml:29:13-31:52
203                android:name="androidx.emoji2.text.EmojiCompatInitializer"
203-->[androidx.emoji2:emoji2:1.2.0] AndroidManifest.xml:30:17-75
204                android:value="androidx.startup" />
204-->[androidx.emoji2:emoji2:1.2.0] AndroidManifest.xml:31:17-49
205            <meta-data
205-->[androidx.lifecycle:lifecycle-process:2.4.1] AndroidManifest.xml:31:13-33:52
206                android:name="androidx.lifecycle.ProcessLifecycleInitializer"
206-->[androidx.lifecycle:lifecycle-process:2.4.1] AndroidManifest.xml:32:17-78
207                android:value="androidx.startup" />
207-->[androidx.lifecycle:lifecycle-process:2.4.1] AndroidManifest.xml:33:17-49
208        </provider>
209        <provider
209-->[me.jessyan:autosize:1.2.1] AndroidManifest.xml:12:9-16:43
210            android:name="me.jessyan.autosize.InitProvider"
210-->[me.jessyan:autosize:1.2.1] AndroidManifest.xml:13:13-60
211            android:authorities="com.hlhwan.heyin.drpy2.autosize-init-provider"
211-->[me.jessyan:autosize:1.2.1] AndroidManifest.xml:14:13-74
212            android:exported="false"
212-->[me.jessyan:autosize:1.2.1] AndroidManifest.xml:15:13-37
213            android:multiprocess="true" />
213-->[me.jessyan:autosize:1.2.1] AndroidManifest.xml:16:13-40
214
215        <activity
215-->[com.github.hedzr:android-file-chooser:v1.2.0-final] AndroidManifest.xml:12:9-15:56
216            android:name="com.obsez.android.lib.filechooser.permissions.PermissionActivity"
216-->[com.github.hedzr:android-file-chooser:v1.2.0-final] AndroidManifest.xml:13:13-92
217            android:label=""
217-->[com.github.hedzr:android-file-chooser:v1.2.0-final] AndroidManifest.xml:14:13-29
218            android:theme="@style/Theme.Transparent" />
218-->[com.github.hedzr:android-file-chooser:v1.2.0-final] AndroidManifest.xml:15:13-53
219
220        <provider
220-->[com.simple:spiderman:1.1.6] AndroidManifest.xml:11:9-19:20
221            android:name="com.simple.spiderman.SpiderManFileProvider"
221-->[com.simple:spiderman:1.1.6] AndroidManifest.xml:12:13-70
222            android:authorities="com.hlhwan.heyin.drpy2.spidermanfileprovider"
222-->[com.simple:spiderman:1.1.6] AndroidManifest.xml:13:13-73
223            android:exported="false"
223-->[com.simple:spiderman:1.1.6] AndroidManifest.xml:14:13-37
224            android:grantUriPermissions="true" >
224-->[com.simple:spiderman:1.1.6] AndroidManifest.xml:15:13-47
225            <meta-data
225-->src\main\AndroidManifest.xml:163:13-165:54
226                android:name="android.support.FILE_PROVIDER_PATHS"
226-->src\main\AndroidManifest.xml:164:17-67
227                android:resource="@xml/spiderman_file_paths" />
227-->src\main\AndroidManifest.xml:165:17-51
228        </provider>
229
230        <activity android:name="com.simple.spiderman.CrashActivity" />
230-->[com.simple:spiderman:1.1.6] AndroidManifest.xml:21:9-71
230-->[com.simple:spiderman:1.1.6] AndroidManifest.xml:21:19-68
231    </application>
232
233</manifest>